  [1m[35m (0.1ms)[0m  [1m[34mSELECT sqlite_version(*)[0m
  ↳ bin/rails:9
  [1m[35m (294.5ms)[0m  [1m[35mCREATE TABLE "schema_migrations" ("version" varchar NOT NULL PRIMARY KEY)[0m
  ↳ bin/rails:9
  [1m[35m (387.5ms)[0m  [1m[35mCREATE TABLE "ar_internal_metadata" ("key" varchar NOT NULL PRIMARY KEY, "value" varchar, "created_at" datetime NOT NULL, "updated_at" datetime NOT NULL)[0m
  ↳ bin/rails:9
  [1m[35m (0.2ms)[0m  [1m[34mSELECT "schema_migrations"."version" FROM "schema_migrations" ORDER BY "schema_migrations"."version" ASC[0m
  ↳ bin/rails:9
Migrating to CreateUsers (20181114054853)
  [1m[35m (0.1ms)[0m  [1m[36mbegin transaction[0m
  ↳ bin/rails:9
  [1m[35m (0.4ms)[0m  [1m[35mCREATE TABLE "users" ("id" integer PRIMARY KEY AUTOINCREMENT NOT NULL, "name" varchar, "email" varchar, "created_at" datetime NOT NULL, "updated_at" datetime NOT NULL)[0m
  ↳ db/migrate/20181114054853_create_users.rb:3
  [1m[36mActiveRecord::SchemaMigration Create (0.2ms)[0m  [1m[32mINSERT INTO "schema_migrations" ("version") VALUES (?)[0m  [["version", "20181114054853"]]
  ↳ bin/rails:9
  [1m[35m (365.8ms)[0m  [1m[36mcommit transaction[0m
  ↳ bin/rails:9
  [1m[36mActiveRecord::InternalMetadata Load (0.4ms)[0m  [1m[34mSELECT  "ar_internal_metadata".* FROM "ar_internal_metadata" WHERE "ar_internal_metadata"."key" = ? LIMIT ?[0m  [["key", "environment"], ["LIMIT", 1]]
  ↳ bin/rails:9
  [1m[35m (0.1ms)[0m  [1m[36mbegin transaction[0m
  ↳ bin/rails:9
  [1m[36mActiveRecord::InternalMetadata Create (0.5ms)[0m  [1m[32mINSERT INTO "ar_internal_metadata" ("key", "value", "created_at", "updated_at") VALUES (?, ?, ?, ?)[0m  [["key", "environment"], ["value", "development"], ["created_at", "2018-11-14 05:49:17.255053"], ["updated_at", "2018-11-14 05:49:17.255053"]]
  ↳ bin/rails:9
  [1m[35m (189.3ms)[0m  [1m[36mcommit transaction[0m
  ↳ bin/rails:9
  [1m[35m (0.1ms)[0m  [1m[34mSELECT "schema_migrations"."version" FROM "schema_migrations" ORDER BY "schema_migrations"."version" ASC[0m
  ↳ bin/rails:9
Started GET "/" for 127.0.0.1 at 2018-11-14 11:19:42 +0530
  [1m[35m (0.1ms)[0m  [1m[34mSELECT "schema_migrations"."version" FROM "schema_migrations" ORDER BY "schema_migrations"."version" ASC[0m
  ↳ /home/nisl/.rvm/gems/ruby-2.5.1/gems/activerecord-5.2.1/lib/active_record/log_subscriber.rb:98
  
ActionController::RoutingError (undefined method `project_from_forgery' for ApplicationController:Class
Did you mean?  protect_from_forgery):
  
app/controllers/application_controller.rb:2:in `<class:ApplicationController>'
app/controllers/application_controller.rb:1:in `<main>'
Started GET "/" for 127.0.0.1 at 2018-11-14 11:25:27 +0530
Processing by ApplicationController#hello as HTML
  Rendering html template
  Rendered html template (0.0ms)
Completed 200 OK in 2ms (Views: 1.5ms | ActiveRecord: 0.0ms)


Started GET "/users" for 127.0.0.1 at 2018-11-14 11:29:10 +0530
Processing by UsersController#index as HTML
  Rendering users/index.html.erb within layouts/application
  [1m[36mUser Load (0.2ms)[0m  [1m[34mSELECT "users".* FROM "users"[0m
  ↳ app/views/users/index.html.erb:15
  Rendered users/index.html.erb within layouts/application (3.9ms)
Completed 200 OK in 2416ms (Views: 2412.9ms | ActiveRecord: 0.7ms)


Started GET "/users/new" for 127.0.0.1 at 2018-11-14 11:33:48 +0530
Processing by UsersController#new as HTML
  Rendering users/new.html.erb within layouts/application
  Rendered users/_form.html.erb (20.9ms)
  Rendered users/new.html.erb within layouts/application (22.4ms)
Completed 200 OK in 58ms (Views: 38.3ms | ActiveRecord: 1.4ms)


Started POST "/users" for 127.0.0.1 at 2018-11-14 11:33:58 +0530
Processing by UsersController#create as HTML
  Parameters: {"utf8"=>"✓", "authenticity_token"=>"/kIj1jfdP1b1dDzTS/1h2X/JS1lr9GdsN7MkXB1LXCh5yqL012SsZK4hLiPd/iKBxY95QBKb+8TKcQNobcRLOw==", "user"=>{"name"=>"faiz", "email"=>"faizanmirza06@gmail.com"}, "commit"=>"Create User"}
  [1m[35m (0.2ms)[0m  [1m[36mbegin transaction[0m
  ↳ app/controllers/users_controller.rb:30
  [1m[36mUser Create (1.8ms)[0m  [1m[32mINSERT INTO "users" ("name", "email", "created_at", "updated_at") VALUES (?, ?, ?, ?)[0m  [["name", "faiz"], ["email", "faizanmirza06@gmail.com"], ["created_at", "2018-11-14 06:03:58.897412"], ["updated_at", "2018-11-14 06:03:58.897412"]]
  ↳ app/controllers/users_controller.rb:30
  [1m[35m (402.4ms)[0m  [1m[36mcommit transaction[0m
  ↳ app/controllers/users_controller.rb:30
Redirected to http://localhost:3000/users/1
Completed 302 Found in 417ms (ActiveRecord: 404.4ms)


Started GET "/users/1" for 127.0.0.1 at 2018-11-14 11:33:59 +0530
Processing by UsersController#show as HTML
  Parameters: {"id"=>"1"}
  [1m[36mUser Load (0.5ms)[0m  [1m[34mSELECT  "users".* FROM "users" WHERE "users"."id" = ? LIMIT ?[0m  [["id", 1], ["LIMIT", 1]]
  ↳ app/controllers/users_controller.rb:67
  Rendering users/show.html.erb within layouts/application
  Rendered users/show.html.erb within layouts/application (1.8ms)
Completed 200 OK in 44ms (Views: 32.9ms | ActiveRecord: 0.5ms)


Started GET "/users/1/edit" for 127.0.0.1 at 2018-11-14 11:34:02 +0530
Processing by UsersController#edit as HTML
  Parameters: {"id"=>"1"}
  [1m[36mUser Load (0.3ms)[0m  [1m[34mSELECT  "users".* FROM "users" WHERE "users"."id" = ? LIMIT ?[0m  [["id", 1], ["LIMIT", 1]]
  ↳ app/controllers/users_controller.rb:67
  Rendering users/edit.html.erb within layouts/application
  Rendered users/_form.html.erb (7.5ms)
  Rendered users/edit.html.erb within layouts/application (11.3ms)
Completed 200 OK in 43ms (Views: 38.9ms | ActiveRecord: 0.3ms)


Started GET "/users/1" for 127.0.0.1 at 2018-11-14 11:34:03 +0530
Processing by UsersController#show as HTML
  Parameters: {"id"=>"1"}
  [1m[36mUser Load (0.3ms)[0m  [1m[34mSELECT  "users".* FROM "users" WHERE "users"."id" = ? LIMIT ?[0m  [["id", 1], ["LIMIT", 1]]
  ↳ app/controllers/users_controller.rb:67
  Rendering users/show.html.erb within layouts/application
  Rendered users/show.html.erb within layouts/application (2.3ms)
Completed 200 OK in 37ms (Views: 32.2ms | ActiveRecord: 0.3ms)


Started GET "/users" for 127.0.0.1 at 2018-11-14 11:43:21 +0530
Processing by UsersController#index as HTML
  Rendering users/index.html.erb within layouts/application
  [1m[36mUser Load (0.6ms)[0m  [1m[34mSELECT "users".* FROM "users"[0m
  ↳ app/views/users/index.html.erb:15
  Rendered users/index.html.erb within layouts/application (5.7ms)
Completed 200 OK in 63ms (Views: 59.7ms | ActiveRecord: 0.6ms)


Started GET "/users/1/edit" for 127.0.0.1 at 2018-11-14 11:43:24 +0530
Processing by UsersController#edit as HTML
  Parameters: {"id"=>"1"}
  [1m[36mUser Load (0.3ms)[0m  [1m[34mSELECT  "users".* FROM "users" WHERE "users"."id" = ? LIMIT ?[0m  [["id", 1], ["LIMIT", 1]]
  ↳ app/controllers/users_controller.rb:67
  Rendering users/edit.html.erb within layouts/application
  Rendered users/_form.html.erb (2.1ms)
  Rendered users/edit.html.erb within layouts/application (3.6ms)
Completed 200 OK in 26ms (Views: 23.2ms | ActiveRecord: 0.3ms)


Started PATCH "/users/1" for 127.0.0.1 at 2018-11-14 11:56:59 +0530
Processing by UsersController#update as HTML
  Parameters: {"utf8"=>"✓", "authenticity_token"=>"+2oIWDHvhuOzw6u+GkerWSLo33Rna1Zg8y/v5YuMUIcb20rysgLRVx2D6bQZHlzOqIMGYK8SP36Co/W9sslsqQ==", "user"=>{"name"=>"faiz", "email"=>"faizanmirza06@gmail.com"}, "commit"=>"Update User", "id"=>"1"}
  [1m[36mUser Load (0.2ms)[0m  [1m[34mSELECT  "users".* FROM "users" WHERE "users"."id" = ? LIMIT ?[0m  [["id", 1], ["LIMIT", 1]]
  ↳ app/controllers/users_controller.rb:67
  [1m[35m (0.1ms)[0m  [1m[36mbegin transaction[0m
  ↳ app/controllers/users_controller.rb:44
  [1m[35m (0.1ms)[0m  [1m[36mcommit transaction[0m
  ↳ app/controllers/users_controller.rb:44
Redirected to http://localhost:3000/users/1
Completed 302 Found in 3ms (ActiveRecord: 0.3ms)


Started GET "/users/1" for 127.0.0.1 at 2018-11-14 11:56:59 +0530
Processing by UsersController#show as HTML
  Parameters: {"id"=>"1"}
  [1m[36mUser Load (0.3ms)[0m  [1m[34mSELECT  "users".* FROM "users" WHERE "users"."id" = ? LIMIT ?[0m  [["id", 1], ["LIMIT", 1]]
  ↳ app/controllers/users_controller.rb:67
  Rendering users/show.html.erb within layouts/application
  Rendered users/show.html.erb within layouts/application (1.2ms)
Completed 200 OK in 29ms (Views: 25.6ms | ActiveRecord: 0.3ms)


Started GET "/users" for 127.0.0.1 at 2018-11-14 11:57:02 +0530
Processing by UsersController#index as HTML
  Rendering users/index.html.erb within layouts/application
  [1m[36mUser Load (0.2ms)[0m  [1m[34mSELECT "users".* FROM "users"[0m
  ↳ app/views/users/index.html.erb:15
  Rendered users/index.html.erb within layouts/application (1.9ms)
Completed 200 OK in 19ms (Views: 18.0ms | ActiveRecord: 0.2ms)


Started GET "/users/new" for 127.0.0.1 at 2018-11-14 11:57:04 +0530
Processing by UsersController#new as HTML
  Rendering users/new.html.erb within layouts/application
  Rendered users/_form.html.erb (2.1ms)
  Rendered users/new.html.erb within layouts/application (3.3ms)
Completed 200 OK in 23ms (Views: 21.7ms | ActiveRecord: 0.0ms)


Started POST "/users" for 127.0.0.1 at 2018-11-14 11:57:10 +0530
Processing by UsersController#create as HTML
  Parameters: {"utf8"=>"✓", "authenticity_token"=>"snIPoI771oHbShhcC520GC2l2FNJXxK6PlEkXTzVkpo1+o6CbkJFs4AfCqydnvdAl+PqSjAwjhLDkwNpTFqFiQ==", "user"=>{"name"=>"faiz", "email"=>"faizanmirza06@gmail.com"}, "commit"=>"Create User"}
  [1m[35m (0.2ms)[0m  [1m[36mbegin transaction[0m
  ↳ app/controllers/users_controller.rb:30
  [1m[36mUser Create (1.9ms)[0m  [1m[32mINSERT INTO "users" ("name", "email", "created_at", "updated_at") VALUES (?, ?, ?, ?)[0m  [["name", "faiz"], ["email", "faizanmirza06@gmail.com"], ["created_at", "2018-11-14 06:27:10.587081"], ["updated_at", "2018-11-14 06:27:10.587081"]]
  ↳ app/controllers/users_controller.rb:30
  [1m[35m (589.6ms)[0m  [1m[36mcommit transaction[0m
  ↳ app/controllers/users_controller.rb:30
Redirected to http://localhost:3000/users/2
Completed 302 Found in 605ms (ActiveRecord: 591.8ms)


Started GET "/users/2" for 127.0.0.1 at 2018-11-14 11:57:11 +0530
Processing by UsersController#show as HTML
  Parameters: {"id"=>"2"}
  [1m[36mUser Load (0.4ms)[0m  [1m[34mSELECT  "users".* FROM "users" WHERE "users"."id" = ? LIMIT ?[0m  [["id", 2], ["LIMIT", 1]]
  ↳ app/controllers/users_controller.rb:67
  Rendering users/show.html.erb within layouts/application
  Rendered users/show.html.erb within layouts/application (1.6ms)
Completed 200 OK in 32ms (Views: 28.0ms | ActiveRecord: 0.4ms)


Started GET "/users" for 127.0.0.1 at 2018-11-14 11:57:13 +0530
Processing by UsersController#index as HTML
  Rendering users/index.html.erb within layouts/application
  [1m[36mUser Load (0.2ms)[0m  [1m[34mSELECT "users".* FROM "users"[0m
  ↳ app/views/users/index.html.erb:15
  Rendered users/index.html.erb within layouts/application (2.4ms)
Completed 200 OK in 19ms (Views: 17.8ms | ActiveRecord: 0.2ms)


Started DELETE "/users/2" for 127.0.0.1 at 2018-11-14 11:57:20 +0530
Processing by UsersController#destroy as HTML
  Parameters: {"authenticity_token"=>"b+jzFqohSTLg/3Qg9YS/b2ksbpTOPGl6j4XFv4ZtYzmKoxY22OS5HMu68gNWeeujtSKkQ1Ae+HSy4r/zwUSjPA==", "id"=>"2"}
  [1m[36mUser Load (0.2ms)[0m  [1m[34mSELECT  "users".* FROM "users" WHERE "users"."id" = ? LIMIT ?[0m  [["id", 2], ["LIMIT", 1]]
  ↳ app/controllers/users_controller.rb:67
  [1m[35m (0.1ms)[0m  [1m[36mbegin transaction[0m
  ↳ app/controllers/users_controller.rb:57
  [1m[36mUser Destroy (0.3ms)[0m  [1m[31mDELETE FROM "users" WHERE "users"."id" = ?[0m  [["id", 2]]
  ↳ app/controllers/users_controller.rb:57
  [1m[35m (400.1ms)[0m  [1m[36mcommit transaction[0m
  ↳ app/controllers/users_controller.rb:57
Redirected to http://localhost:3000/users
Completed 302 Found in 408ms (ActiveRecord: 400.7ms)


Started GET "/users" for 127.0.0.1 at 2018-11-14 11:57:21 +0530
Processing by UsersController#index as HTML
  Rendering users/index.html.erb within layouts/application
  [1m[36mUser Load (0.4ms)[0m  [1m[34mSELECT "users".* FROM "users"[0m
  ↳ app/views/users/index.html.erb:15
  Rendered users/index.html.erb within layouts/application (3.8ms)
Completed 200 OK in 34ms (Views: 30.7ms | ActiveRecord: 0.4ms)


Started GET "/users/1/edit" for 127.0.0.1 at 2018-11-14 11:57:24 +0530
Processing by UsersController#edit as HTML
  Parameters: {"id"=>"1"}
  [1m[36mUser Load (0.1ms)[0m  [1m[34mSELECT  "users".* FROM "users" WHERE "users"."id" = ? LIMIT ?[0m  [["id", 1], ["LIMIT", 1]]
  ↳ app/controllers/users_controller.rb:67
  Rendering users/edit.html.erb within layouts/application
  Rendered users/_form.html.erb (1.8ms)
  Rendered users/edit.html.erb within layouts/application (2.9ms)
Completed 200 OK in 21ms (Views: 19.4ms | ActiveRecord: 0.1ms)


Started PATCH "/users/1" for 127.0.0.1 at 2018-11-14 11:57:33 +0530
Processing by UsersController#update as HTML
  Parameters: {"utf8"=>"✓", "authenticity_token"=>"tB/XTGAaC1EkmTJDInkq703RmQtQfpxe/rR4cA9plAdUrpXm4/dc5YrZcEkhIN14x7pAH5gH9UCPOGIoNiyoKQ==", "user"=>{"name"=>"faizl", "email"=>"faizanmirza06@gmail.com"}, "commit"=>"Update User", "id"=>"1"}
  [1m[36mUser Load (0.4ms)[0m  [1m[34mSELECT  "users".* FROM "users" WHERE "users"."id" = ? LIMIT ?[0m  [["id", 1], ["LIMIT", 1]]
  ↳ app/controllers/users_controller.rb:67
  [1m[35m (0.2ms)[0m  [1m[36mbegin transaction[0m
  ↳ app/controllers/users_controller.rb:44
  [1m[36mUser Update (0.7ms)[0m  [1m[33mUPDATE "users" SET "name" = ?, "updated_at" = ? WHERE "users"."id" = ?[0m  [["name", "faizl"], ["updated_at", "2018-11-14 06:27:33.342608"], ["id", 1]]
  ↳ app/controllers/users_controller.rb:44
  [1m[35m (655.3ms)[0m  [1m[36mcommit transaction[0m
  ↳ app/controllers/users_controller.rb:44
Redirected to http://localhost:3000/users/1
Completed 302 Found in 673ms (ActiveRecord: 656.7ms)


Started GET "/users/1" for 127.0.0.1 at 2018-11-14 11:57:34 +0530
Processing by UsersController#show as HTML
  Parameters: {"id"=>"1"}
  [1m[36mUser Load (0.3ms)[0m  [1m[34mSELECT  "users".* FROM "users" WHERE "users"."id" = ? LIMIT ?[0m  [["id", 1], ["LIMIT", 1]]
  ↳ app/controllers/users_controller.rb:67
  Rendering users/show.html.erb within layouts/application
  Rendered users/show.html.erb within layouts/application (2.5ms)
Completed 200 OK in 32ms (Views: 28.7ms | ActiveRecord: 0.3ms)


Started GET "/users" for 127.0.0.1 at 2018-11-14 11:57:38 +0530
Processing by UsersController#index as HTML
  Rendering users/index.html.erb within layouts/application
  [1m[36mUser Load (0.2ms)[0m  [1m[34mSELECT "users".* FROM "users"[0m
  ↳ app/views/users/index.html.erb:15
  Rendered users/index.html.erb within layouts/application (2.1ms)
Completed 200 OK in 31ms (Views: 28.2ms | ActiveRecord: 0.2ms)


  [1m[35m (0.1ms)[0m  [1m[34mSELECT "schema_migrations"."version" FROM "schema_migrations" ORDER BY "schema_migrations"."version" ASC[0m
  ↳ bin/rails:9
Migrating to CreateMicroposts (20181115040037)
  [1m[35m (0.1ms)[0m  [1m[36mbegin transaction[0m
  ↳ bin/rails:9
  [1m[35m (0.2ms)[0m  [1m[34mSELECT sqlite_version(*)[0m
  ↳ db/migrate/20181115040037_create_microposts.rb:3
  [1m[35m (0.6ms)[0m  [1m[35mCREATE TABLE "microposts" ("id" integer PRIMARY KEY AUTOINCREMENT NOT NULL, "content" text, "user_id" integer, "created_at" datetime NOT NULL, "updated_at" datetime NOT NULL)[0m
  ↳ db/migrate/20181115040037_create_microposts.rb:3
  [1m[36mActiveRecord::SchemaMigration Create (0.3ms)[0m  [1m[32mINSERT INTO "schema_migrations" ("version") VALUES (?)[0m  [["version", "20181115040037"]]
  ↳ bin/rails:9
  [1m[35m (134.1ms)[0m  [1m[36mcommit transaction[0m
  ↳ bin/rails:9
  [1m[36mActiveRecord::InternalMetadata Load (0.6ms)[0m  [1m[34mSELECT  "ar_internal_metadata".* FROM "ar_internal_metadata" WHERE "ar_internal_metadata"."key" = ? LIMIT ?[0m  [["key", "environment"], ["LIMIT", 1]]
  ↳ bin/rails:9
  [1m[35m (0.1ms)[0m  [1m[36mbegin transaction[0m
  ↳ bin/rails:9
  [1m[35m (0.1ms)[0m  [1m[36mcommit transaction[0m
  ↳ bin/rails:9
  [1m[35m (0.3ms)[0m  [1m[34mSELECT "schema_migrations"."version" FROM "schema_migrations" ORDER BY "schema_migrations"."version" ASC[0m
  ↳ bin/rails:9
Started GET "/" for 127.0.0.1 at 2018-11-15 09:33:23 +0530
  [1m[35m (0.1ms)[0m  [1m[34mSELECT "schema_migrations"."version" FROM "schema_migrations" ORDER BY "schema_migrations"."version" ASC[0m
  ↳ /home/nisl/.rvm/gems/ruby-2.5.1/gems/activerecord-5.2.1/lib/active_record/log_subscriber.rb:98
Processing by UsersController#index as HTML
  Rendering users/index.html.erb within layouts/application
  [1m[36mUser Load (0.7ms)[0m  [1m[34mSELECT "users".* FROM "users"[0m
  ↳ app/views/users/index.html.erb:15
  Rendered users/index.html.erb within layouts/application (14.9ms)
Completed 200 OK in 711ms (Views: 621.4ms | ActiveRecord: 1.7ms)


Started GET "/microposts" for 127.0.0.1 at 2018-11-15 09:33:46 +0530
Processing by MicropostsController#index as HTML
  Rendering microposts/index.html.erb within layouts/application
  [1m[36mMicropost Load (0.2ms)[0m  [1m[34mSELECT "microposts".* FROM "microposts"[0m
  ↳ app/views/microposts/index.html.erb:15
  Rendered microposts/index.html.erb within layouts/application (2.3ms)
Completed 200 OK in 24ms (Views: 21.1ms | ActiveRecord: 0.4ms)


Started GET "/microposts/new" for 127.0.0.1 at 2018-11-15 09:33:49 +0530
Processing by MicropostsController#new as HTML
  Rendering microposts/new.html.erb within layouts/application
  Rendered microposts/_form.html.erb (88.8ms)
  Rendered microposts/new.html.erb within layouts/application (91.2ms)
Completed 200 OK in 139ms (Views: 122.9ms | ActiveRecord: 1.1ms)


Started POST "/microposts" for 127.0.0.1 at 2018-11-15 09:33:57 +0530
Processing by MicropostsController#create as HTML
  Parameters: {"utf8"=>"✓", "authenticity_token"=>"O86Ax6GkVB3sjQQgwslokfio3phyN8+poTnPF/EK4y4IvdwgEA6nlI4DRsMrLHUoSZx+a27ZJ37gzcHCu0KrHA==", "micropost"=>{"content"=>"655555555555555", "user_id"=>"1"}, "commit"=>"Create Micropost"}
  [1m[35m (0.2ms)[0m  [1m[36mbegin transaction[0m
  ↳ app/controllers/microposts_controller.rb:30
  [1m[36mMicropost Create (0.8ms)[0m  [1m[32mINSERT INTO "microposts" ("content", "user_id", "created_at", "updated_at") VALUES (?, ?, ?, ?)[0m  [["content", "655555555555555"], ["user_id", 1], ["created_at", "2018-11-15 04:03:57.307059"], ["updated_at", "2018-11-15 04:03:57.307059"]]
  ↳ app/controllers/microposts_controller.rb:30
  [1m[35m (382.8ms)[0m  [1m[36mcommit transaction[0m
  ↳ app/controllers/microposts_controller.rb:30
Redirected to http://localhost:3000/microposts/1
Completed 302 Found in 398ms (ActiveRecord: 383.7ms)


Started GET "/microposts/1" for 127.0.0.1 at 2018-11-15 09:33:57 +0530
Processing by MicropostsController#show as HTML
  Parameters: {"id"=>"1"}
  [1m[36mMicropost Load (0.5ms)[0m  [1m[34mSELECT  "microposts".* FROM "microposts" WHERE "microposts"."id" = ? LIMIT ?[0m  [["id", 1], ["LIMIT", 1]]
  ↳ app/controllers/microposts_controller.rb:67
  Rendering microposts/show.html.erb within layouts/application
  Rendered microposts/show.html.erb within layouts/application (1.5ms)
Completed 200 OK in 33ms (Views: 25.1ms | ActiveRecord: 0.5ms)


Started GET "/microposts/" for 127.0.0.1 at 2018-11-15 09:35:40 +0530
Processing by MicropostsController#index as HTML
  Rendering microposts/index.html.erb within layouts/application
  [1m[36mMicropost Load (0.2ms)[0m  [1m[34mSELECT "microposts".* FROM "microposts"[0m
  ↳ app/views/microposts/index.html.erb:15
  Rendered microposts/index.html.erb within layouts/application (9.0ms)
Completed 200 OK in 31ms (Views: 27.1ms | ActiveRecord: 1.2ms)


Started GET "/microposts/new" for 127.0.0.1 at 2018-11-15 09:35:42 +0530
Processing by MicropostsController#new as HTML
  Rendering microposts/new.html.erb within layouts/application
  Rendered microposts/_form.html.erb (2.2ms)
  Rendered microposts/new.html.erb within layouts/application (3.5ms)
Completed 200 OK in 23ms (Views: 22.3ms | ActiveRecord: 0.0ms)


Started POST "/microposts" for 127.0.0.1 at 2018-11-15 09:35:58 +0530
Processing by MicropostsController#create as HTML
  Parameters: {"utf8"=>"✓", "authenticity_token"=>"jAHCV5UZBAwn8SPh4osnb0kIMNuxkaTPgTGScUVvbSG/cp6wJLP3hUV/YQILbjrW+DyQKK1/TBjAxZykDyclEw==", "micropost"=>{"content"=>"bbbbbbbbbhhhhhhhhhhhhhjjjjjjjjjjjjjjjjjjjjjjjjjjjjjjjjjjjjjjjjjjjjjjjjjjjjjjjjjjjjjjjjjjjjjjjjjjjjjjjjjjjjjjjjjjjhhhhhhhhhhhhhhhhhhhhhhhhhhhhhhhhhhhhhhhhhhhhhhhhhhhhhhhhhhhhhhhhhhhhhhhhhhhhhhhhh", "user_id"=>"4"}, "commit"=>"Create Micropost"}
  [1m[35m (0.2ms)[0m  [1m[36mbegin transaction[0m
  ↳ app/controllers/microposts_controller.rb:30
  [1m[35m (0.2ms)[0m  [1m[31mrollback transaction[0m
  ↳ app/controllers/microposts_controller.rb:30
  Rendering microposts/new.html.erb within layouts/application
  Rendered microposts/_form.html.erb (8.6ms)
  Rendered microposts/new.html.erb within layouts/application (12.0ms)
Completed 200 OK in 62ms (Views: 52.7ms | ActiveRecord: 0.4ms)


Started GET "/microposts" for 127.0.0.1 at 2018-11-15 09:36:03 +0530
Processing by MicropostsController#index as HTML
  Rendering microposts/index.html.erb within layouts/application
  [1m[36mMicropost Load (0.2ms)[0m  [1m[34mSELECT "microposts".* FROM "microposts"[0m
  ↳ app/views/microposts/index.html.erb:15
  Rendered microposts/index.html.erb within layouts/application (2.0ms)
Completed 200 OK in 22ms (Views: 20.5ms | ActiveRecord: 0.2ms)


  [1m[36mUser Load (0.1ms)[0m  [1m[34mSELECT  "users".* FROM "users" ORDER BY "users"."id" ASC LIMIT ?[0m  [["LIMIT", 1]]
  [1m[36mMicropost Load (0.2ms)[0m  [1m[34mSELECT  "microposts".* FROM "microposts" WHERE "microposts"."user_id" = ? LIMIT ?[0m  [["user_id", 1], ["LIMIT", 11]]
  [1m[36mMicropost Load (0.5ms)[0m  [1m[34mSELECT  "microposts".* FROM "microposts" WHERE "microposts"."user_id" = ? ORDER BY "microposts"."id" ASC LIMIT ?[0m  [["user_id", 1], ["LIMIT", 1]]
Started GET "/microposts" for 127.0.0.1 at 2018-11-15 09:40:21 +0530
Processing by MicropostsController#index as HTML
Completed 500 Internal Server Error in 1ms (ActiveRecord: 0.0ms)


  
SyntaxError (/home/nisl/Project/Demoapp/app/models/micropost.rb:4: syntax error, unexpected ':', expecting keyword_end
	presence: true
	        ^):
  
app/models/micropost.rb:4: syntax error, unexpected ':', expecting keyword_end
app/controllers/microposts_controller.rb:7:in `index'
Started GET "/microposts" for 127.0.0.1 at 2018-11-15 09:40:25 +0530
Processing by MicropostsController#index as HTML
Completed 500 Internal Server Error in 2ms (ActiveRecord: 0.0ms)


  
SyntaxError (/home/nisl/Project/Demoapp/app/models/micropost.rb:4: syntax error, unexpected ':', expecting keyword_end
	presence: true
	        ^):
  
app/models/micropost.rb:4: syntax error, unexpected ':', expecting keyword_end
app/controllers/microposts_controller.rb:7:in `index'
Started GET "/microposts" for 127.0.0.1 at 2018-11-15 09:40:52 +0530
Processing by MicropostsController#index as HTML
  Rendering microposts/index.html.erb within layouts/application
  [1m[36mMicropost Load (0.2ms)[0m  [1m[34mSELECT "microposts".* FROM "microposts"[0m
  ↳ app/views/microposts/index.html.erb:15
  Rendered microposts/index.html.erb within layouts/application (7.8ms)
Completed 200 OK in 29ms (Views: 23.6ms | ActiveRecord: 0.8ms)


Started GET "/microposts/new" for 127.0.0.1 at 2018-11-15 09:40:54 +0530
Processing by MicropostsController#new as HTML
  Rendering microposts/new.html.erb within layouts/application
  Rendered microposts/_form.html.erb (6.8ms)
  Rendered microposts/new.html.erb within layouts/application (10.2ms)
Completed 200 OK in 41ms (Views: 38.8ms | ActiveRecord: 0.0ms)


Started POST "/microposts" for 127.0.0.1 at 2018-11-15 09:40:55 +0530
Processing by MicropostsController#create as HTML
  Parameters: {"utf8"=>"✓", "authenticity_token"=>"Sm/+ZPgYw9YWi7JyTJ5JtgpC+CGrypPrgpzb8ucevYl5HKKDSbIwX3QF8JGle1QPu3ZY0rckezzDaNUnrVb1uw==", "micropost"=>{"content"=>"", "user_id"=>""}, "commit"=>"Create Micropost"}
  [1m[35m (0.2ms)[0m  [1m[36mbegin transaction[0m
  ↳ app/controllers/microposts_controller.rb:30
  [1m[35m (0.1ms)[0m  [1m[31mrollback transaction[0m
  ↳ app/controllers/microposts_controller.rb:30
  Rendering microposts/new.html.erb within layouts/application
  Rendered microposts/_form.html.erb (2.0ms)
  Rendered microposts/new.html.erb within layouts/application (3.2ms)
Completed 200 OK in 53ms (Views: 22.8ms | ActiveRecord: 0.2ms)


Started POST "/microposts" for 127.0.0.1 at 2018-11-15 09:41:03 +0530
Processing by MicropostsController#create as HTML
  Parameters: {"utf8"=>"✓", "authenticity_token"=>"/ooxgHZjH3C4ZOwW/yAZh8b110bYQJgHpo8+LpvdJcRdsUd4VGnLvYrVfg7kd+SnytWeLcT+T/mKGNWxka58aw==", "micropost"=>{"content"=>"5555555555555555555", "user_id"=>"1"}, "commit"=>"Create Micropost"}
  [1m[35m (0.1ms)[0m  [1m[36mbegin transaction[0m
  ↳ app/controllers/microposts_controller.rb:30
  [1m[36mUser Load (0.1ms)[0m  [1m[34mSELECT  "users".* FROM "users" WHERE "users"."id" = ? LIMIT ?[0m  [["id", 1], ["LIMIT", 1]]
  ↳ app/controllers/microposts_controller.rb:30
  [1m[36mMicropost Create (1.6ms)[0m  [1m[32mINSERT INTO "microposts" ("content", "user_id", "created_at", "updated_at") VALUES (?, ?, ?, ?)[0m  [["content", "5555555555555555555"], ["user_id", 1], ["created_at", "2018-11-15 04:11:03.259702"], ["updated_at", "2018-11-15 04:11:03.259702"]]
  ↳ app/controllers/microposts_controller.rb:30
  [1m[35m (378.1ms)[0m  [1m[36mcommit transaction[0m
  ↳ app/controllers/microposts_controller.rb:30
Redirected to http://localhost:3000/microposts/2
Completed 302 Found in 396ms (ActiveRecord: 380.3ms)


Started GET "/microposts/2" for 127.0.0.1 at 2018-11-15 09:41:03 +0530
Processing by MicropostsController#show as HTML
  Parameters: {"id"=>"2"}
  [1m[36mMicropost Load (0.6ms)[0m  [1m[34mSELECT  "microposts".* FROM "microposts" WHERE "microposts"."id" = ? LIMIT ?[0m  [["id", 2], ["LIMIT", 1]]
  ↳ app/controllers/microposts_controller.rb:67
  Rendering microposts/show.html.erb within layouts/application
  Rendered microposts/show.html.erb within layouts/application (1.6ms)
Completed 200 OK in 38ms (Views: 32.5ms | ActiveRecord: 0.6ms)


Started GET "/microposts" for 127.0.0.1 at 2018-11-15 09:41:06 +0530
Processing by MicropostsController#index as HTML
  Rendering microposts/index.html.erb within layouts/application
  [1m[36mMicropost Load (0.3ms)[0m  [1m[34mSELECT "microposts".* FROM "microposts"[0m
  ↳ app/views/microposts/index.html.erb:15
  Rendered microposts/index.html.erb within layouts/application (5.8ms)
Completed 200 OK in 38ms (Views: 35.7ms | ActiveRecord: 0.3ms)


Started GET "/" for 127.0.0.1 at 2018-11-15 09:47:52 +0530
Processing by UsersController#index as HTML
Completed 500 Internal Server Error in 6ms (ActiveRecord: 0.0ms)


  
NameError (uninitialized constant User::FILL_IN):
  
app/models/user.rb:3:in `<class:User>'
app/models/user.rb:1:in `<main>'
app/controllers/users_controller.rb:7:in `index'
Started GET "/" for 127.0.0.1 at 2018-11-15 09:48:28 +0530
Processing by UsersController#index as HTML
Completed 500 Internal Server Error in 4ms (ActiveRecord: 0.0ms)


  
NameError (uninitialized constant User::FILL_IN):
  
app/models/user.rb:3:in `<class:User>'
app/models/user.rb:1:in `<main>'
app/controllers/users_controller.rb:7:in `index'
Started GET "/" for 127.0.0.1 at 2018-11-15 09:50:13 +0530
Processing by UsersController#index as HTML
Completed 500 Internal Server Error in 4ms (ActiveRecord: 0.0ms)


  
NameError (uninitialized constant User::FILL_IN):
  
app/models/user.rb:3:in `<class:User>'
app/models/user.rb:1:in `<main>'
app/controllers/users_controller.rb:7:in `index'
Started GET "/" for 127.0.0.1 at 2018-11-15 09:50:27 +0530
Processing by UsersController#index as HTML
Completed 500 Internal Server Error in 2ms (ActiveRecord: 0.0ms)


  
SyntaxError (/home/nisl/Project/Demoapp/app/models/user.rb:4: syntax error, unexpected tCONSTANT, expecting keyword_do or '{' or '('
	validates FILL_IN, #presence: true    # Replac...
	          ^~~~~~~):
  
app/models/user.rb:4: syntax error, unexpected tCONSTANT, expecting keyword_do or '{' or '('
app/controllers/users_controller.rb:7:in `index'
Started GET "/" for 127.0.0.1 at 2018-11-15 09:51:11 +0530
Processing by UsersController#index as HTML
Completed 500 Internal Server Error in 4ms (ActiveRecord: 0.0ms)


  
NameError (uninitialized constant User::FILL_IN):
  
app/models/user.rb:3:in `<class:User>'
app/models/user.rb:1:in `<main>'
app/controllers/users_controller.rb:7:in `index'
Started GET "/" for 127.0.0.1 at 2018-11-15 09:51:57 +0530
Processing by UsersController#index as HTML
Completed 500 Internal Server Error in 5ms (ActiveRecord: 0.0ms)


  
NameError (uninitialized constant User::FILL_IN):
  
app/models/user.rb:3:in `<class:User>'
app/models/user.rb:1:in `<main>'
app/controllers/users_controller.rb:7:in `index'
Started GET "/" for 127.0.0.1 at 2018-11-15 09:52:24 +0530
Processing by UsersController#index as HTML
Completed 500 Internal Server Error in 5ms (ActiveRecord: 0.0ms)


  
NameError (uninitialized constant User::FILL_IN):
  
app/models/user.rb:3:in `<class:User>'
app/models/user.rb:1:in `<main>'
app/controllers/users_controller.rb:7:in `index'
Started GET "/" for 127.0.0.1 at 2018-11-15 09:52:28 +0530
Processing by UsersController#index as HTML
Completed 500 Internal Server Error in 5ms (ActiveRecord: 0.0ms)


  
NameError (uninitialized constant User::FILL_IN):
  
app/models/user.rb:3:in `<class:User>'
app/models/user.rb:1:in `<main>'
app/controllers/users_controller.rb:7:in `index'
Started GET "/" for 127.0.0.1 at 2018-11-15 09:52:56 +0530
Processing by UsersController#index as HTML
Completed 500 Internal Server Error in 5ms (ActiveRecord: 0.0ms)


  
NameError (uninitialized constant User::FILL_IN):
  
app/models/user.rb:4:in `<class:User>'
app/models/user.rb:1:in `<main>'
app/controllers/users_controller.rb:7:in `index'
Started GET "/" for 127.0.0.1 at 2018-11-15 09:54:32 +0530
Processing by UsersController#index as HTML
Completed 500 Internal Server Error in 4ms (ActiveRecord: 0.0ms)


  
NameError (uninitialized constant User::Entername):
  
app/models/user.rb:3:in `<class:User>'
app/models/user.rb:1:in `<main>'
app/controllers/users_controller.rb:7:in `index'
Started GET "/" for 127.0.0.1 at 2018-11-15 09:55:10 +0530
Processing by UsersController#index as HTML
  Rendering users/index.html.erb within layouts/application
  [1m[36mUser Load (0.2ms)[0m  [1m[34mSELECT "users".* FROM "users"[0m
  ↳ app/views/users/index.html.erb:15
  Rendered users/index.html.erb within layouts/application (8.1ms)
Completed 200 OK in 33ms (Views: 28.1ms | ActiveRecord: 0.7ms)


Started GET "/users/new" for 127.0.0.1 at 2018-11-15 09:55:17 +0530
Processing by UsersController#new as HTML
  Rendering users/new.html.erb within layouts/application
  Rendered users/_form.html.erb (5.6ms)
  Rendered users/new.html.erb within layouts/application (8.7ms)
Completed 200 OK in 53ms (Views: 36.8ms | ActiveRecord: 0.0ms)


Started POST "/users" for 127.0.0.1 at 2018-11-15 09:55:18 +0530
Processing by UsersController#create as HTML
  Parameters: {"utf8"=>"✓", "authenticity_token"=>"wFksO6L+tV/zaPv0yHDVrz0lEanf/MaKFTscFZxNcPuyr3CYad3N9D2WFkFYWremJ/qpem0EiRYGWIzOp6IcRw==", "user"=>{"name"=>"", "email"=>""}, "commit"=>"Create User"}
  [1m[35m (0.2ms)[0m  [1m[36mbegin transaction[0m
  ↳ app/controllers/users_controller.rb:30
  [1m[35m (0.2ms)[0m  [1m[31mrollback transaction[0m
  ↳ app/controllers/users_controller.rb:30
Completed 500 Internal Server Error in 28ms (ActiveRecord: 0.4ms)


  
NoMethodError (undefined method `Entername' for #<User:0x00007f21381e1cd8>):
  
app/controllers/users_controller.rb:30:in `block in create'
app/controllers/users_controller.rb:29:in `create'
Started POST "/users" for 127.0.0.1 at 2018-11-15 09:55:27 +0530
Processing by UsersController#create as HTML
  Parameters: {"utf8"=>"✓", "authenticity_token"=>"dQRIJqr7EYExEqFA0zGGW7AEAeaMLvlb5GXLNfehzfLWPz7eiPHFTAOjM1jIZnt7vCRIjZCQLqXI8iCq/dKUXQ==", "user"=>{"name"=>"", "email"=>""}, "commit"=>"Create User"}
  [1m[35m (0.1ms)[0m  [1m[36mbegin transaction[0m
  ↳ app/controllers/users_controller.rb:30
  [1m[35m (0.0ms)[0m  [1m[31mrollback transaction[0m
  ↳ app/controllers/users_controller.rb:30
Completed 500 Internal Server Error in 18ms (ActiveRecord: 0.1ms)


  
NoMethodError (undefined method `Entername' for #<User:0x00007f212c06fb90>):
  
app/controllers/users_controller.rb:30:in `block in create'
app/controllers/users_controller.rb:29:in `create'
Started GET "/users" for 127.0.0.1 at 2018-11-15 09:55:46 +0530
Processing by UsersController#index as HTML
  Rendering users/index.html.erb within layouts/application
  [1m[36mUser Load (0.2ms)[0m  [1m[34mSELECT "users".* FROM "users"[0m
  ↳ app/views/users/index.html.erb:15
  Rendered users/index.html.erb within layouts/application (7.0ms)
Completed 200 OK in 28ms (Views: 24.1ms | ActiveRecord: 0.7ms)


Started GET "/users/new" for 127.0.0.1 at 2018-11-15 09:55:49 +0530
Processing by UsersController#new as HTML
  Rendering users/new.html.erb within layouts/application
  Rendered users/_form.html.erb (2.5ms)
  Rendered users/new.html.erb within layouts/application (3.9ms)
Completed 200 OK in 26ms (Views: 24.5ms | ActiveRecord: 0.0ms)


Started POST "/users" for 127.0.0.1 at 2018-11-15 09:55:51 +0530
Processing by UsersController#create as HTML
  Parameters: {"utf8"=>"✓", "authenticity_token"=>"XFP6lBheRVOGw9rLxF/ZHz6XvEqTIKlzf2Wnqyvr5eoupaY30309+Eg9N35UdbsWJEgEmSHY5u9sBjdwEASJVg==", "user"=>{"name"=>"", "email"=>""}, "commit"=>"Create User"}
  [1m[35m (0.2ms)[0m  [1m[36mbegin transaction[0m
  ↳ app/controllers/users_controller.rb:30
  [1m[35m (0.2ms)[0m  [1m[31mrollback transaction[0m
  ↳ app/controllers/users_controller.rb:30
Completed 500 Internal Server Error in 26ms (ActiveRecord: 0.4ms)


  
NoMethodError (undefined method `Entername' for #<User:0x00007f2141f51090>):
  
app/controllers/users_controller.rb:30:in `block in create'
app/controllers/users_controller.rb:29:in `create'
Started POST "/users" for 127.0.0.1 at 2018-11-15 09:56:01 +0530
Processing by UsersController#create as HTML
  Parameters: {"utf8"=>"✓", "authenticity_token"=>"TS7uEttcXO4W2cA641jR3rYWNQL+0qyhMrRpimiB557uFZjq+VaIIyRoUiL4Dyz+ujZ8aeJse18eI4IVYvK+MQ==", "user"=>{"name"=>"", "email"=>""}, "commit"=>"Create User"}
  [1m[35m (0.1ms)[0m  [1m[36mbegin transaction[0m
  ↳ app/controllers/users_controller.rb:30
  [1m[35m (0.2ms)[0m  [1m[31mrollback transaction[0m
  ↳ app/controllers/users_controller.rb:30
Completed 500 Internal Server Error in 27ms (ActiveRecord: 0.4ms)


  
NoMethodError (undefined method `Entername' for #<User:0x00007f214238e720>):
  
app/controllers/users_controller.rb:30:in `block in create'
app/controllers/users_controller.rb:29:in `create'
Started GET "/users" for 127.0.0.1 at 2018-11-15 09:57:24 +0530
Processing by UsersController#index as HTML
  Rendering users/index.html.erb within layouts/application
  [1m[36mUser Load (0.2ms)[0m  [1m[34mSELECT "users".* FROM "users"[0m
  ↳ app/views/users/index.html.erb:15
  Rendered users/index.html.erb within layouts/application (7.4ms)
Completed 200 OK in 33ms (Views: 27.9ms | ActiveRecord: 0.7ms)


Started GET "/users/new" for 127.0.0.1 at 2018-11-15 09:57:25 +0530
Processing by UsersController#new as HTML
  Rendering users/new.html.erb within layouts/application
  Rendered users/_form.html.erb (6.4ms)
  Rendered users/new.html.erb within layouts/application (9.4ms)
Completed 200 OK in 37ms (Views: 34.6ms | ActiveRecord: 0.0ms)


Started POST "/users" for 127.0.0.1 at 2018-11-15 09:57:26 +0530
Processing by UsersController#create as HTML
  Parameters: {"utf8"=>"✓", "authenticity_token"=>"Rz/vRGPmhzc/cU5TA4zq8TA5ztf2R858g5BDY/SJeiU1ybPnqMX/nPGPo+aTpoj4KuZ2BES/geCQ89O4z2YWmQ==", "user"=>{"name"=>"", "email"=>""}, "commit"=>"Create User"}
  [1m[35m (0.2ms)[0m  [1m[36mbegin transaction[0m
  ↳ app/controllers/users_controller.rb:30
  [1m[35m (0.2ms)[0m  [1m[31mrollback transaction[0m
  ↳ app/controllers/users_controller.rb:30
  Rendering users/new.html.erb within layouts/application
  Rendered users/_form.html.erb (4.3ms)
  Rendered users/new.html.erb within layouts/application (6.9ms)
Completed 200 OK in 48ms (Views: 39.4ms | ActiveRecord: 0.4ms)


